# JRE version: OpenJDK Runtime Environment (7.0_95) (build 1.7.0_95-b00)
# Java VM: OpenJDK 64-Bit Server VM (24.95-b01 mixed mode linux-amd64 compressed oops)
Heap
 PSYoungGen      total 254976K, used 186K [0x00000007d5500000, 0x00000007e4f00000, 0x0000000800000000)
  eden space 253952K, 0% used [0x00000007d5500000,0x00000007d5500000,0x00000007e4d00000)
  from space 1024K, 18% used [0x00000007e4d00000,0x00000007e4d2eb90,0x00000007e4e00000)
  to   space 1024K, 0% used [0x00000007e4e00000,0x00000007e4e00000,0x00000007e4f00000)
 ParOldGen       total 40960K, used 576K [0x0000000780000000, 0x0000000782800000, 0x00000007d5500000)
  object space 40960K, 1% used [0x0000000780000000,0x00000007800900f0,0x0000000782800000)
 PSPermGen       total 21504K, used 4483K [0x0000000775a00000, 0x0000000776f00000, 0x0000000780000000)
  object space 21504K, 20% used [0x0000000775a00000,0x0000000775e60e38,0x0000000776f00000)
GC Heap History (10 events):
Event: 4,033 GC heap after
Heap after GC invocations=4 (full 0):
 PSYoungGen      total 66048K, used 592K [0x00000007d5500000, 0x00000007d9800000, 0x0000000800000000)
  eden space 63488K, 0% used [0x00000007d5500000,0x00000007d5500000,0x00000007d9300000)
  from space 2560K, 23% used [0x00000007d9580000,0x00000007d9614030,0x00000007d9800000)
  to   space 2560K, 0% used [0x00000007d9300000,0x00000007d9300000,0x00000007d9580000)
 ParOldGen       total 40960K, used 32K [0x0000000780000000, 0x0000000782800000, 0x00000007d5500000)
  object space 40960K, 0% used [0x0000000780000000,0x0000000780008000,0x0000000782800000)
 PSPermGen       total 21504K, used 4458K [0x0000000775a00000, 0x0000000776f00000, 0x0000000780000000)
  object space 21504K, 20% used [0x0000000775a00000,0x0000000775e5a920,0x0000000776f00000)
}
Event: 5,398 GC heap before
{Heap before GC invocations=5 (full 0):
 PSYoungGen      total 66048K, used 64080K [0x00000007d5500000, 0x00000007d9800000, 0x0000000800000000)
  eden space 63488K, 100% used [0x00000007d5500000,0x00000007d9300000,0x00000007d9300000)
  from space 2560K, 23% used [0x00000007d9580000,0x00000007d9614030,0x00000007d9800000)
  to   space 2560K, 0% used [0x00000007d9300000,0x00000007d9300000,0x00000007d9580000)
 ParOldGen       total 40960K, used 32K [0x0000000780000000, 0x0000000782800000, 0x00000007d5500000)
  object space 40960K, 0% used [0x0000000780000000,0x0000000780008000,0x0000000782800000)
 PSPermGen       total 21504K, used 4475K [0x0000000775a00000, 0x0000000776f00000, 0x0000000780000000)
  object space 21504K, 20% used [0x0000000775a00000,0x0000000775e5ec08,0x0000000776f00000)
Event: 5,405 GC heap after
Heap after GC invocations=5 (full 0):
 PSYoungGen      total 66048K, used 563K [0x00000007d5500000, 0x00000007dd300000, 0x0000000800000000)
  eden space 63488K, 0% used [0x00000007d5500000,0x00000007d5500000,0x00000007d9300000)
  from space 2560K, 22% used [0x00000007d9300000,0x00000007d938cef8,0x00000007d9580000)
  to   space 1024K, 0% used [0x00000007dd200000,0x00000007dd200000,0x00000007dd300000)
 ParOldGen       total 40960K, used 40K [0x0000000780000000, 0x0000000782800000, 0x00000007d5500000)
  object space 40960K, 0% used [0x0000000780000000,0x000000078000a000,0x0000000782800000)
 PSPermGen       total 21504K, used 4475K [0x0000000775a00000, 0x0000000776f00000, 0x0000000780000000)
  object space 21504K, 20% used [0x0000000775a00000,0x0000000775e5ec08,0x0000000776f00000)
}
Event: 5,694 GC heap before
{Heap before GC invocations=6 (full 0):
 PSYoungGen      total 66048K, used 64051K [0x00000007d5500000, 0x00000007dd300000, 0x0000000800000000)
  eden space 63488K, 100% used [0x00000007d5500000,0x00000007d9300000,0x00000007d9300000)
  from space 2560K, 22% used [0x00000007d9300000,0x00000007d938cef8,0x00000007d9580000)
  to   space 1024K, 0% used [0x00000007dd200000,0x00000007dd200000,0x00000007dd300000)
 ParOldGen       total 40960K, used 40K [0x0000000780000000, 0x0000000782800000, 0x00000007d5500000)
  object space 40960K, 0% used [0x0000000780000000,0x000000078000a000,0x0000000782800000)
 PSPermGen       total 21504K, used 4475K [0x0000000775a00000, 0x0000000776f00000, 0x0000000780000000)
  object space 21504K, 20% used [0x0000000775a00000,0x0000000775e5ee30,0x0000000776f00000)
Event: 5,710 GC heap after
Heap after GC invocations=6 (full 0):
 PSYoungGen      total 128000K, used 648K [0x00000007d5500000, 0x00000007dd300000, 0x0000000800000000)
  eden space 126976K, 0% used [0x00000007d5500000,0x00000007d5500000,0x00000007dd100000)
  from space 1024K, 63% used [0x00000007dd200000,0x00000007dd2a2220,0x00000007dd300000)
  to   space 1024K, 0% used [0x00000007dd100000,0x00000007dd100000,0x00000007dd200000)
 ParOldGen       total 40960K, used 48K [0x0000000780000000, 0x0000000782800000, 0x00000007d5500000)
  object space 40960K, 0% used [0x0000000780000000,0x000000078000c000,0x0000000782800000)
 PSPermGen       total 21504K, used 4475K [0x0000000775a00000, 0x0000000776f00000, 0x0000000780000000)
  object space 21504K, 20% used [0x0000000775a00000,0x0000000775e5ee30,0x0000000776f00000)
}
Event: 8,273 GC heap before
{Heap before GC invocations=7 (full 0):
 PSYoungGen      total 128000K, used 127624K [0x00000007d5500000, 0x00000007dd300000, 0x0000000800000000)
  eden space 126976K, 100% used [0x00000007d5500000,0x00000007dd100000,0x00000007dd100000)
  from space 1024K, 63% used [0x00000007dd200000,0x00000007dd2a2220,0x00000007dd300000)
  to   space 1024K, 0% used [0x00000007dd100000,0x00000007dd100000,0x00000007dd200000)
 ParOldGen       total 40960K, used 48K [0x0000000780000000, 0x0000000782800000, 0x00000007d5500000)
  object space 40960K, 0% used [0x0000000780000000,0x000000078000c000,0x0000000782800000)
 PSPermGen       total 21504K, used 4475K [0x0000000775a00000, 0x0000000776f00000, 0x0000000780000000)
  object space 21504K, 20% used [0x0000000775a00000,0x0000000775e5ef38,0x0000000776f00000)
Event: 8,281 GC heap after
Heap after GC invocations=7 (full 0):
 PSYoungGen      total 128000K, used 184K [0x00000007d5500000, 0x00000007e4f00000, 0x0000000800000000)
  eden space 126976K, 0% used [0x00000007d5500000,0x00000007d5500000,0x00000007dd100000)
  from space 1024K, 18% used [0x00000007dd100000,0x00000007dd12e1f0,0x00000007dd200000)
  to   space 1024K, 0% used [0x00000007e4e00000,0x00000007e4e00000,0x00000007e4f00000)
 ParOldGen       total 40960K, used 552K [0x0000000780000000, 0x0000000782800000, 0x00000007d5500000)
  object space 40960K, 1% used [0x0000000780000000,0x000000078008a0f0,0x0000000782800000)
 PSPermGen       total 21504K, used 4475K [0x0000000775a00000, 0x0000000776f00000, 0x0000000780000000)
  object space 21504K, 20% used [0x0000000775a00000,0x0000000775e5ef38,0x0000000776f00000)
}
Event: 9,161 GC heap before
{Heap before GC invocations=8 (full 0):
 PSYoungGen      total 128000K, used 127160K [0x00000007d5500000, 0x00000007e4f00000, 0x0000000800000000)
  eden space 126976K, 100% used [0x00000007d5500000,0x00000007dd100000,0x00000007dd100000)
  from space 1024K, 18% used [0x00000007dd100000,0x00000007dd12e1f0,0x00000007dd200000)
  to   space 1024K, 0% used [0x00000007e4e00000,0x00000007e4e00000,0x00000007e4f00000)
 ParOldGen       total 40960K, used 552K [0x0000000780000000, 0x0000000782800000, 0x00000007d5500000)
  object space 40960K, 1% used [0x0000000780000000,0x000000078008a0f0,0x0000000782800000)
 PSPermGen       total 21504K, used 4480K [0x0000000775a00000, 0x0000000776f00000, 0x0000000780000000)
  object space 21504K, 20% used [0x0000000775a00000,0x0000000775e603f8,0x0000000776f00000)
Event: 9,168 GC heap after
Heap after GC invocations=8 (full 0):
 PSYoungGen      total 254976K, used 111K [0x00000007d5500000, 0x00000007e4f00000, 0x0000000800000000)
  eden space 253952K, 0% used [0x00000007d5500000,0x00000007d5500000,0x00000007e4d00000)
  from space 1024K, 10% used [0x00000007e4e00000,0x00000007e4e1bc90,0x00000007e4f00000)
  to   space 1024K, 0% used [0x00000007e4d00000,0x00000007e4d00000,0x00000007e4e00000)
 ParOldGen       total 40960K, used 568K [0x0000000780000000, 0x0000000782800000, 0x00000007d5500000)
  object space 40960K, 1% used [0x0000000780000000,0x000000078008e0f0,0x0000000782800000)
 PSPermGen       total 21504K, used 4480K [0x0000000775a00000, 0x0000000776f00000, 0x0000000780000000)
  object space 21504K, 20% used [0x0000000775a00000,0x0000000775e603f8,0x0000000776f00000)
}
Event: 10,715 GC heap before
{Heap before GC invocations=9 (full 0):
 PSYoungGen      total 254976K, used 254063K [0x00000007d5500000, 0x00000007e4f00000, 0x0000000800000000)
  eden space 253952K, 100% used [0x00000007d5500000,0x00000007e4d00000,0x00000007e4d00000)
  from space 1024K, 10% used [0x00000007e4e00000,0x00000007e4e1bc90,0x00000007e4f00000)
  to   space 1024K, 0% used [0x00000007e4d00000,0x00000007e4d00000,0x00000007e4e00000)
 ParOldGen       total 40960K, used 568K [0x0000000780000000, 0x0000000782800000, 0x00000007d5500000)
  object space 40960K, 1% used [0x0000000780000000,0x000000078008e0f0,0x0000000782800000)
 PSPermGen       total 21504K, used 4483K [0x0000000775a00000, 0x0000000776f00000, 0x0000000780000000)
  object space 21504K, 20% used [0x0000000775a00000,0x0000000775e60e38,0x0000000776f00000)

