# JRE version: OpenJDK Runtime Environment (7.0_95) (build 1.7.0_95-b00)
# Java VM: OpenJDK 64-Bit Server VM (24.95-b01 mixed mode linux-amd64 compressed oops)
Heap
 PSYoungGen      total 398848K, used 156709K [0x00000007c0000000, 0x00000007ee480000, 0x0000000800000000)
  eden space 49664K, 0% used [0x00000007c0000000,0x00000007c0000000,0x00000007c3080000)
  from space 349184K, 44% used [0x00000007c3080000,0x00000007cc989570,0x00000007d8580000)
  to   space 349184K, 0% used [0x00000007d8f80000,0x00000007d8f80000,0x00000007ee480000)
 ParOldGen       total 678400K, used 678375K [0x0000000740000000, 0x0000000769680000, 0x00000007c0000000)
  object space 678400K, 99% used [0x0000000740000000,0x0000000769679fb0,0x0000000769680000)
 PSPermGen       total 21504K, used 4050K [0x0000000735a00000, 0x0000000736f00000, 0x0000000740000000)
  object space 21504K, 18% used [0x0000000735a00000,0x0000000735df48e0,0x0000000736f00000)
GC Heap History (10 events):
Event: 21,727 GC heap after
Heap after GC invocations=35 (full 6):
 PSYoungGen      total 316416K, used 234784K [0x00000007c0000000, 0x00000007e6b00000, 0x0000000800000000)
  eden space 71168K, 0% used [0x00000007c0000000,0x00000007c0000000,0x00000007c4580000)
  from space 245248K, 95% used [0x00000007c4580000,0x00000007d2ac8000,0x00000007d3500000)
  to   space 274432K, 0% used [0x00000007d5f00000,0x00000007d5f00000,0x00000007e6b00000)
 ParOldGen       total 678400K, used 495789K [0x0000000740000000, 0x0000000769680000, 0x00000007c0000000)
  object space 678400K, 73% used [0x0000000740000000,0x000000075e42b658,0x0000000769680000)
 PSPermGen       total 21504K, used 4048K [0x0000000735a00000, 0x0000000736f00000, 0x0000000740000000)
  object space 21504K, 18% used [0x0000000735a00000,0x0000000735df43e0,0x0000000736f00000)
}
Event: 21,845 GC heap before
{Heap before GC invocations=36 (full 6):
 PSYoungGen      total 316416K, used 305952K [0x00000007c0000000, 0x00000007e6b00000, 0x0000000800000000)
  eden space 71168K, 100% used [0x00000007c0000000,0x00000007c4580000,0x00000007c4580000)
  from space 245248K, 95% used [0x00000007c4580000,0x00000007d2ac8000,0x00000007d3500000)
  to   space 274432K, 0% used [0x00000007d5f00000,0x00000007d5f00000,0x00000007e6b00000)
 ParOldGen       total 678400K, used 495789K [0x0000000740000000, 0x0000000769680000, 0x00000007c0000000)
  object space 678400K, 73% used [0x0000000740000000,0x000000075e42b658,0x0000000769680000)
 PSPermGen       total 21504K, used 4048K [0x0000000735a00000, 0x0000000736f00000, 0x0000000740000000)
  object space 21504K, 18% used [0x0000000735a00000,0x0000000735df43e0,0x0000000736f00000)
Event: 22,423 GC heap after
Heap after GC invocations=36 (full 6):
 PSYoungGen      total 325632K, used 263744K [0x00000007c0000000, 0x00000007eae00000, 0x0000000800000000)
  eden space 51200K, 0% used [0x00000007c0000000,0x00000007c0000000,0x00000007c3200000)
  from space 274432K, 96% used [0x00000007d5f00000,0x00000007e6090000,0x00000007e6b00000)
  to   space 308224K, 0% used [0x00000007c3200000,0x00000007c3200000,0x00000007d5f00000)
 ParOldGen       total 678400K, used 502005K [0x0000000740000000, 0x0000000769680000, 0x00000007c0000000)
  object space 678400K, 73% used [0x0000000740000000,0x000000075ea3d658,0x0000000769680000)
 PSPermGen       total 21504K, used 4048K [0x0000000735a00000, 0x0000000736f00000, 0x0000000740000000)
  object space 21504K, 18% used [0x0000000735a00000,0x0000000735df43e0,0x0000000736f00000)
}
Event: 22,524 GC heap before
{Heap before GC invocations=37 (full 6):
 PSYoungGen      total 325632K, used 314944K [0x00000007c0000000, 0x00000007eae00000, 0x0000000800000000)
  eden space 51200K, 100% used [0x00000007c0000000,0x00000007c3200000,0x00000007c3200000)
  from space 274432K, 96% used [0x00000007d5f00000,0x00000007e6090000,0x00000007e6b00000)
  to   space 308224K, 0% used [0x00000007c3200000,0x00000007c3200000,0x00000007d5f00000)
 ParOldGen       total 678400K, used 502005K [0x0000000740000000, 0x0000000769680000, 0x00000007c0000000)
  object space 678400K, 73% used [0x0000000740000000,0x000000075ea3d658,0x0000000769680000)
 PSPermGen       total 21504K, used 4048K [0x0000000735a00000, 0x0000000736f00000, 0x0000000740000000)
  object space 21504K, 18% used [0x0000000735a00000,0x0000000735df43e0,0x0000000736f00000)
Event: 23,094 GC heap after
Heap after GC invocations=37 (full 6):
 PSYoungGen      total 359424K, used 266112K [0x00000007c0000000, 0x00000007ece00000, 0x0000000800000000)
  eden space 51200K, 0% used [0x00000007c0000000,0x00000007c0000000,0x00000007c3200000)
  from space 308224K, 86% used [0x00000007c3200000,0x00000007d35e0000,0x00000007d5f00000)
  to   space 336384K, 0% used [0x00000007d8580000,0x00000007d8580000,0x00000007ece00000)
 ParOldGen       total 678400K, used 522717K [0x0000000740000000, 0x0000000769680000, 0x00000007c0000000)
  object space 678400K, 77% used [0x0000000740000000,0x000000075fe77658,0x0000000769680000)
 PSPermGen       total 21504K, used 4048K [0x0000000735a00000, 0x0000000736f00000, 0x0000000740000000)
  object space 21504K, 18% used [0x0000000735a00000,0x0000000735df43e0,0x0000000736f00000)
}
Event: 23,183 GC heap before
{Heap before GC invocations=38 (full 6):
 PSYoungGen      total 359424K, used 317312K [0x00000007c0000000, 0x00000007ece00000, 0x0000000800000000)
  eden space 51200K, 100% used [0x00000007c0000000,0x00000007c3200000,0x00000007c3200000)
  from space 308224K, 86% used [0x00000007c3200000,0x00000007d35e0000,0x00000007d5f00000)
  to   space 336384K, 0% used [0x00000007d8580000,0x00000007d8580000,0x00000007ece00000)
 ParOldGen       total 678400K, used 522717K [0x0000000740000000, 0x0000000769680000, 0x00000007c0000000)
  object space 678400K, 77% used [0x0000000740000000,0x000000075fe77658,0x0000000769680000)
 PSPermGen       total 21504K, used 4048K [0x0000000735a00000, 0x0000000736f00000, 0x0000000740000000)
  object space 21504K, 18% used [0x0000000735a00000,0x0000000735df43e0,0x0000000736f00000)
Event: 23,769 GC heap after
Heap after GC invocations=38 (full 6):
 PSYoungGen      total 386048K, used 255104K [0x00000007c0000000, 0x00000007ee780000, 0x0000000800000000)
  eden space 49664K, 0% used [0x00000007c0000000,0x00000007c0000000,0x00000007c3080000)
  from space 336384K, 75% used [0x00000007d8580000,0x00000007e7ea0000,0x00000007ece00000)
  to   space 349184K, 0% used [0x00000007c3080000,0x00000007c3080000,0x00000007d8580000)
 ParOldGen       total 678400K, used 557981K [0x0000000740000000, 0x0000000769680000, 0x00000007c0000000)
  object space 678400K, 82% used [0x0000000740000000,0x00000007620e7658,0x0000000769680000)
 PSPermGen       total 21504K, used 4048K [0x0000000735a00000, 0x0000000736f00000, 0x0000000740000000)
  object space 21504K, 18% used [0x0000000735a00000,0x0000000735df43e0,0x0000000736f00000)
}
Event: 23,866 GC heap before
{Heap before GC invocations=39 (full 6):
 PSYoungGen      total 386048K, used 304768K [0x00000007c0000000, 0x00000007ee780000, 0x0000000800000000)
  eden space 49664K, 100% used [0x00000007c0000000,0x00000007c3080000,0x00000007c3080000)
  from space 336384K, 75% used [0x00000007d8580000,0x00000007e7ea0000,0x00000007ece00000)
  to   space 349184K, 0% used [0x00000007c3080000,0x00000007c3080000,0x00000007d8580000)
 ParOldGen       total 678400K, used 557981K [0x0000000740000000, 0x0000000769680000, 0x00000007c0000000)
  object space 678400K, 82% used [0x0000000740000000,0x00000007620e7658,0x0000000769680000)
 PSPermGen       total 21504K, used 4050K [0x0000000735a00000, 0x0000000736f00000, 0x0000000740000000)
  object space 21504K, 18% used [0x0000000735a00000,0x0000000735df4940,0x0000000736f00000)
Event: 24,480 GC heap after
Heap after GC invocations=39 (full 6):
 PSYoungGen      total 398848K, used 212768K [0x00000007c0000000, 0x00000007ee480000, 0x0000000800000000)
  eden space 49664K, 0% used [0x00000007c0000000,0x00000007c0000000,0x00000007c3080000)
  from space 349184K, 60% used [0x00000007c3080000,0x00000007d0048000,0x00000007d8580000)
  to   space 349184K, 0% used [0x00000007d8f80000,0x00000007d8f80000,0x00000007ee480000)
 ParOldGen       total 678400K, used 623229K [0x0000000740000000, 0x0000000769680000, 0x00000007c0000000)
  object space 678400K, 91% used [0x0000000740000000,0x000000076609f658,0x0000000769680000)
 PSPermGen       total 21504K, used 4050K [0x0000000735a00000, 0x0000000736f00000, 0x0000000740000000)
  object space 21504K, 18% used [0x0000000735a00000,0x0000000735df4940,0x0000000736f00000)
}
Event: 24,481 GC heap before
{Heap before GC invocations=40 (full 7):
 PSYoungGen      total 398848K, used 212768K [0x00000007c0000000, 0x00000007ee480000, 0x0000000800000000)
  eden space 49664K, 0% used [0x00000007c0000000,0x00000007c0000000,0x00000007c3080000)
  from space 349184K, 60% used [0x00000007c3080000,0x00000007d0048000,0x00000007d8580000)
  to   space 349184K, 0% used [0x00000007d8f80000,0x00000007d8f80000,0x00000007ee480000)
 ParOldGen       total 678400K, used 623229K [0x0000000740000000, 0x0000000769680000, 0x00000007c0000000)
  object space 678400K, 91% used [0x0000000740000000,0x000000076609f658,0x0000000769680000)
 PSPermGen       total 21504K, used 4050K [0x0000000735a00000, 0x0000000736f00000, 0x0000000740000000)
  object space 21504K, 18% used [0x0000000735a00000,0x0000000735df4940,0x0000000736f00000)

