# JRE version: OpenJDK Runtime Environment (7.0_95) (build 1.7.0_95-b00)
# Java VM: OpenJDK 64-Bit Server VM (24.95-b01 mixed mode linux-amd64 compressed oops)
Heap
 PSYoungGen      total 444928K, used 144677K [0x00000007aaa80000, 0x00000007dc080000, 0x0000000800000000)
  eden space 96256K, 0% used [0x00000007aaa80000,0x00000007aaa80000,0x00000007b0880000)
  from space 348672K, 41% used [0x00000007c6c00000,0x00000007cf9497b0,0x00000007dc080000)
  to   space 356352K, 0% used [0x00000007b0880000,0x00000007b0880000,0x00000007c6480000)
 ParOldGen       total 1444864K, used 1444679K [0x0000000700000000, 0x0000000758300000, 0x00000007aaa80000)
  object space 1444864K, 99% used [0x0000000700000000,0x00000007582d1f10,0x0000000758300000)
 PSPermGen       total 21504K, used 4045K [0x00000006f5a00000, 0x00000006f6f00000, 0x0000000700000000)
  object space 21504K, 18% used [0x00000006f5a00000,0x00000006f5df3668,0x00000006f6f00000)
GC Heap History (10 events):
Event: 54,797 GC heap after
Heap after GC invocations=63 (full 9):
 PSYoungGen      total 464896K, used 215808K [0x00000007aaa80000, 0x00000007e0580000, 0x0000000800000000)
  eden space 72704K, 0% used [0x00000007aaa80000,0x00000007aaa80000,0x00000007af180000)
  from space 392192K, 55% used [0x00000007c8680000,0x00000007d5940000,0x00000007e0580000)
  to   space 403456K, 0% used [0x00000007af180000,0x00000007af180000,0x00000007c7b80000)
 ParOldGen       total 1444864K, used 1227336K [0x0000000700000000, 0x0000000758300000, 0x00000007aaa80000)
  object space 1444864K, 84% used [0x0000000700000000,0x000000074ae920b8,0x0000000758300000)
 PSPermGen       total 21504K, used 4045K [0x00000006f5a00000, 0x00000006f6f00000, 0x0000000700000000)
  object space 21504K, 18% used [0x00000006f5a00000,0x00000006f5df35b8,0x00000006f6f00000)
}
Event: 54,937 GC heap before
{Heap before GC invocations=64 (full 9):
 PSYoungGen      total 464896K, used 288512K [0x00000007aaa80000, 0x00000007e0580000, 0x0000000800000000)
  eden space 72704K, 100% used [0x00000007aaa80000,0x00000007af180000,0x00000007af180000)
  from space 392192K, 55% used [0x00000007c8680000,0x00000007d5940000,0x00000007e0580000)
  to   space 403456K, 0% used [0x00000007af180000,0x00000007af180000,0x00000007c7b80000)
 ParOldGen       total 1444864K, used 1227336K [0x0000000700000000, 0x0000000758300000, 0x00000007aaa80000)
  object space 1444864K, 84% used [0x0000000700000000,0x000000074ae920b8,0x0000000758300000)
 PSPermGen       total 21504K, used 4045K [0x00000006f5a00000, 0x00000006f6f00000, 0x0000000700000000)
  object space 21504K, 18% used [0x00000006f5a00000,0x00000006f5df35b8,0x00000006f6f00000)
Event: 55,521 GC heap after
Heap after GC invocations=64 (full 9):
 PSYoungGen      total 323584K, used 250848K [0x00000007aaa80000, 0x00000007df100000, 0x0000000800000000)
  eden space 72704K, 0% used [0x00000007aaa80000,0x00000007aaa80000,0x00000007af180000)
  from space 250880K, 99% used [0x00000007af180000,0x00000007be678000,0x00000007be680000)
  to   space 388096K, 0% used [0x00000007c7600000,0x00000007c7600000,0x00000007df100000)
 ParOldGen       total 1444864K, used 1227336K [0x0000000700000000, 0x0000000758300000, 0x00000007aaa80000)
  object space 1444864K, 84% used [0x0000000700000000,0x000000074ae920b8,0x0000000758300000)
 PSPermGen       total 21504K, used 4045K [0x00000006f5a00000, 0x00000006f6f00000, 0x0000000700000000)
  object space 21504K, 18% used [0x00000006f5a00000,0x00000006f5df35b8,0x00000006f6f00000)
}
Event: 55,669 GC heap before
{Heap before GC invocations=65 (full 9):
 PSYoungGen      total 323584K, used 323552K [0x00000007aaa80000, 0x00000007df100000, 0x0000000800000000)
  eden space 72704K, 100% used [0x00000007aaa80000,0x00000007af180000,0x00000007af180000)
  from space 250880K, 99% used [0x00000007af180000,0x00000007be678000,0x00000007be680000)
  to   space 388096K, 0% used [0x00000007c7600000,0x00000007c7600000,0x00000007df100000)
 ParOldGen       total 1444864K, used 1227336K [0x0000000700000000, 0x0000000758300000, 0x00000007aaa80000)
  object space 1444864K, 84% used [0x0000000700000000,0x000000074ae920b8,0x0000000758300000)
 PSPermGen       total 21504K, used 4045K [0x00000006f5a00000, 0x00000006f6f00000, 0x0000000700000000)
  object space 21504K, 18% used [0x00000006f5a00000,0x00000006f5df35b8,0x00000006f6f00000)
Event: 56,364 GC heap after
Heap after GC invocations=65 (full 9):
 PSYoungGen      total 445952K, used 248512K [0x00000007aaa80000, 0x00000007dd800000, 0x0000000800000000)
  eden space 83456K, 0% used [0x00000007aaa80000,0x00000007aaa80000,0x00000007afc00000)
  from space 362496K, 68% used [0x00000007c7600000,0x00000007d68b0000,0x00000007dd800000)
  to   space 374784K, 0% used [0x00000007afc00000,0x00000007afc00000,0x00000007c6a00000)
 ParOldGen       total 1444864K, used 1264032K [0x0000000700000000, 0x0000000758300000, 0x00000007aaa80000)
  object space 1444864K, 87% used [0x0000000700000000,0x000000074d2680b8,0x0000000758300000)
 PSPermGen       total 21504K, used 4045K [0x00000006f5a00000, 0x00000006f6f00000, 0x0000000700000000)
  object space 21504K, 18% used [0x00000006f5a00000,0x00000006f5df35b8,0x00000006f6f00000)
}
Event: 56,532 GC heap before
{Heap before GC invocations=66 (full 9):
 PSYoungGen      total 445952K, used 331968K [0x00000007aaa80000, 0x00000007dd800000, 0x0000000800000000)
  eden space 83456K, 100% used [0x00000007aaa80000,0x00000007afc00000,0x00000007afc00000)
  from space 362496K, 68% used [0x00000007c7600000,0x00000007d68b0000,0x00000007dd800000)
  to   space 374784K, 0% used [0x00000007afc00000,0x00000007afc00000,0x00000007c6a00000)
 ParOldGen       total 1444864K, used 1264032K [0x0000000700000000, 0x0000000758300000, 0x00000007aaa80000)
  object space 1444864K, 87% used [0x0000000700000000,0x000000074d2680b8,0x0000000758300000)
 PSPermGen       total 21504K, used 4045K [0x00000006f5a00000, 0x00000006f6f00000, 0x0000000700000000)
  object space 21504K, 18% used [0x00000006f5a00000,0x00000006f5df35b8,0x00000006f6f00000)
Event: 57,241 GC heap after
Heap after GC invocations=66 (full 9):
 PSYoungGen      total 458240K, used 255680K [0x00000007aaa80000, 0x00000007dd000000, 0x0000000800000000)
  eden space 83456K, 0% used [0x00000007aaa80000,0x00000007aaa80000,0x00000007afc00000)
  from space 374784K, 68% used [0x00000007afc00000,0x00000007bf5b0000,0x00000007c6a00000)
  to   space 364544K, 0% used [0x00000007c6c00000,0x00000007c6c00000,0x00000007dd000000)
 ParOldGen       total 1444864K, used 1296448K [0x0000000700000000, 0x0000000758300000, 0x00000007aaa80000)
  object space 1444864K, 89% used [0x0000000700000000,0x000000074f2100b8,0x0000000758300000)
 PSPermGen       total 21504K, used 4045K [0x00000006f5a00000, 0x00000006f6f00000, 0x0000000700000000)
  object space 21504K, 18% used [0x00000006f5a00000,0x00000006f5df35b8,0x00000006f6f00000)
}
Event: 57,421 GC heap before
{Heap before GC invocations=67 (full 9):
 PSYoungGen      total 458240K, used 339136K [0x00000007aaa80000, 0x00000007dd000000, 0x0000000800000000)
  eden space 83456K, 100% used [0x00000007aaa80000,0x00000007afc00000,0x00000007afc00000)
  from space 374784K, 68% used [0x00000007afc00000,0x00000007bf5b0000,0x00000007c6a00000)
  to   space 364544K, 0% used [0x00000007c6c00000,0x00000007c6c00000,0x00000007dd000000)
 ParOldGen       total 1444864K, used 1296448K [0x0000000700000000, 0x0000000758300000, 0x00000007aaa80000)
  object space 1444864K, 89% used [0x0000000700000000,0x000000074f2100b8,0x0000000758300000)
 PSPermGen       total 21504K, used 4045K [0x00000006f5a00000, 0x00000006f6f00000, 0x0000000700000000)
  object space 21504K, 18% used [0x00000006f5a00000,0x00000006f5df3668,0x00000006f6f00000)
Event: 58,150 GC heap after
Heap after GC invocations=67 (full 9):
 PSYoungGen      total 444928K, used 230912K [0x00000007aaa80000, 0x00000007dc080000, 0x0000000800000000)
  eden space 96256K, 0% used [0x00000007aaa80000,0x00000007aaa80000,0x00000007b0880000)
  from space 348672K, 66% used [0x00000007c6c00000,0x00000007d4d80000,0x00000007dc080000)
  to   space 356352K, 0% used [0x00000007b0880000,0x00000007b0880000,0x00000007c6480000)
 ParOldGen       total 1444864K, used 1359648K [0x0000000700000000, 0x0000000758300000, 0x00000007aaa80000)
  object space 1444864K, 94% used [0x0000000700000000,0x0000000752fc80b8,0x0000000758300000)
 PSPermGen       total 21504K, used 4045K [0x00000006f5a00000, 0x00000006f6f00000, 0x0000000700000000)
  object space 21504K, 18% used [0x00000006f5a00000,0x00000006f5df3668,0x00000006f6f00000)
}
Event: 58,150 GC heap before
{Heap before GC invocations=68 (full 10):
 PSYoungGen      total 444928K, used 230912K [0x00000007aaa80000, 0x00000007dc080000, 0x0000000800000000)
  eden space 96256K, 0% used [0x00000007aaa80000,0x00000007aaa80000,0x00000007b0880000)
  from space 348672K, 66% used [0x00000007c6c00000,0x00000007d4d80000,0x00000007dc080000)
  to   space 356352K, 0% used [0x00000007b0880000,0x00000007b0880000,0x00000007c6480000)
 ParOldGen       total 1444864K, used 1359648K [0x0000000700000000, 0x0000000758300000, 0x00000007aaa80000)
  object space 1444864K, 94% used [0x0000000700000000,0x0000000752fc80b8,0x0000000758300000)
 PSPermGen       total 21504K, used 4045K [0x00000006f5a00000, 0x00000006f6f00000, 0x0000000700000000)
  object space 21504K, 18% used [0x00000006f5a00000,0x00000006f5df3668,0x00000006f6f00000)

