# JRE version: OpenJDK Runtime Environment (7.0_95) (build 1.7.0_95-b00)
# Java VM: OpenJDK 64-Bit Server VM (24.95-b01 mixed mode linux-amd64 compressed oops)
Heap
 PSYoungGen      total 204288K, used 186K [0x00000007d5500000, 0x00000007e1d80000, 0x0000000800000000)
  eden space 203264K, 0% used [0x00000007d5500000,0x00000007d5500000,0x00000007e1b80000)
  from space 1024K, 18% used [0x00000007e1b80000,0x00000007e1baeb90,0x00000007e1c80000)
  to   space 1024K, 0% used [0x00000007e1c80000,0x00000007e1c80000,0x00000007e1d80000)
 ParOldGen       total 40960K, used 560K [0x0000000780000000, 0x0000000782800000, 0x00000007d5500000)
  object space 40960K, 1% used [0x0000000780000000,0x000000078008c0f0,0x0000000782800000)
 PSPermGen       total 21504K, used 4480K [0x0000000775a00000, 0x0000000776f00000, 0x0000000780000000)
  object space 21504K, 20% used [0x0000000775a00000,0x0000000775e603f0,0x0000000776f00000)
GC Heap History (10 events):
Event: 2,545 GC heap after
Heap after GC invocations=6 (full 0):
 PSYoungGen      total 64512K, used 615K [0x00000007d5500000, 0x00000007d9500000, 0x0000000800000000)
  eden space 63488K, 0% used [0x00000007d5500000,0x00000007d5500000,0x00000007d9300000)
  from space 1024K, 60% used [0x00000007d9400000,0x00000007d9499d70,0x00000007d9500000)
  to   space 1024K, 0% used [0x00000007d9300000,0x00000007d9300000,0x00000007d9400000)
 ParOldGen       total 40960K, used 24K [0x0000000780000000, 0x0000000782800000, 0x00000007d5500000)
  object space 40960K, 0% used [0x0000000780000000,0x0000000780006000,0x0000000782800000)
 PSPermGen       total 21504K, used 4462K [0x0000000775a00000, 0x0000000776f00000, 0x0000000780000000)
  object space 21504K, 20% used [0x0000000775a00000,0x0000000775e5b9d0,0x0000000776f00000)
}
Event: 3,057 GC heap before
{Heap before GC invocations=7 (full 0):
 PSYoungGen      total 64512K, used 64103K [0x00000007d5500000, 0x00000007d9500000, 0x0000000800000000)
  eden space 63488K, 100% used [0x00000007d5500000,0x00000007d9300000,0x00000007d9300000)
  from space 1024K, 60% used [0x00000007d9400000,0x00000007d9499d70,0x00000007d9500000)
  to   space 1024K, 0% used [0x00000007d9300000,0x00000007d9300000,0x00000007d9400000)
 ParOldGen       total 40960K, used 24K [0x0000000780000000, 0x0000000782800000, 0x00000007d5500000)
  object space 40960K, 0% used [0x0000000780000000,0x0000000780006000,0x0000000782800000)
 PSPermGen       total 21504K, used 4464K [0x0000000775a00000, 0x0000000776f00000, 0x0000000780000000)
  object space 21504K, 20% used [0x0000000775a00000,0x0000000775e5c1c8,0x0000000776f00000)
Event: 3,065 GC heap after
Heap after GC invocations=7 (full 0):
 PSYoungGen      total 64512K, used 152K [0x00000007d5500000, 0x00000007dd300000, 0x0000000800000000)
  eden space 63488K, 0% used [0x00000007d5500000,0x00000007d5500000,0x00000007d9300000)
  from space 1024K, 14% used [0x00000007d9300000,0x00000007d93261f0,0x00000007d9400000)
  to   space 1024K, 0% used [0x00000007dd200000,0x00000007dd200000,0x00000007dd300000)
 ParOldGen       total 40960K, used 528K [0x0000000780000000, 0x0000000782800000, 0x00000007d5500000)
  object space 40960K, 1% used [0x0000000780000000,0x00000007800840f0,0x0000000782800000)
 PSPermGen       total 21504K, used 4464K [0x0000000775a00000, 0x0000000776f00000, 0x0000000780000000)
  object space 21504K, 20% used [0x0000000775a00000,0x0000000775e5c1c8,0x0000000776f00000)
}
Event: 3,513 GC heap before
{Heap before GC invocations=8 (full 0):
 PSYoungGen      total 64512K, used 63640K [0x00000007d5500000, 0x00000007dd300000, 0x0000000800000000)
  eden space 63488K, 100% used [0x00000007d5500000,0x00000007d9300000,0x00000007d9300000)
  from space 1024K, 14% used [0x00000007d9300000,0x00000007d93261f0,0x00000007d9400000)
  to   space 1024K, 0% used [0x00000007dd200000,0x00000007dd200000,0x00000007dd300000)
 ParOldGen       total 40960K, used 528K [0x0000000780000000, 0x0000000782800000, 0x00000007d5500000)
  object space 40960K, 1% used [0x0000000780000000,0x00000007800840f0,0x0000000782800000)
 PSPermGen       total 21504K, used 4464K [0x0000000775a00000, 0x0000000776f00000, 0x0000000780000000)
  object space 21504K, 20% used [0x0000000775a00000,0x0000000775e5c3b0,0x0000000776f00000)
Event: 3,516 GC heap after
Heap after GC invocations=8 (full 0):
 PSYoungGen      total 128000K, used 120K [0x00000007d5500000, 0x00000007dd300000, 0x0000000800000000)
  eden space 126976K, 0% used [0x00000007d5500000,0x00000007d5500000,0x00000007dd100000)
  from space 1024K, 11% used [0x00000007dd200000,0x00000007dd21e1f0,0x00000007dd300000)
  to   space 1024K, 0% used [0x00000007dd100000,0x00000007dd100000,0x00000007dd200000)
 ParOldGen       total 40960K, used 536K [0x0000000780000000, 0x0000000782800000, 0x00000007d5500000)
  object space 40960K, 1% used [0x0000000780000000,0x00000007800860f0,0x0000000782800000)
 PSPermGen       total 21504K, used 4464K [0x0000000775a00000, 0x0000000776f00000, 0x0000000780000000)
  object space 21504K, 20% used [0x0000000775a00000,0x0000000775e5c3b0,0x0000000776f00000)
}
Event: 4,192 GC heap before
{Heap before GC invocations=9 (full 0):
 PSYoungGen      total 128000K, used 127096K [0x00000007d5500000, 0x00000007dd300000, 0x0000000800000000)
  eden space 126976K, 100% used [0x00000007d5500000,0x00000007dd100000,0x00000007dd100000)
  from space 1024K, 11% used [0x00000007dd200000,0x00000007dd21e1f0,0x00000007dd300000)
  to   space 1024K, 0% used [0x00000007dd100000,0x00000007dd100000,0x00000007dd200000)
 ParOldGen       total 40960K, used 536K [0x0000000780000000, 0x0000000782800000, 0x00000007d5500000)
  object space 40960K, 1% used [0x0000000780000000,0x00000007800860f0,0x0000000782800000)
 PSPermGen       total 21504K, used 4470K [0x0000000775a00000, 0x0000000776f00000, 0x0000000780000000)
  object space 21504K, 20% used [0x0000000775a00000,0x0000000775e5d920,0x0000000776f00000)
Event: 4,193 GC heap after
Heap after GC invocations=9 (full 0):
 PSYoungGen      total 128000K, used 111K [0x00000007d5500000, 0x00000007e1d80000, 0x0000000800000000)
  eden space 126976K, 0% used [0x00000007d5500000,0x00000007d5500000,0x00000007dd100000)
  from space 1024K, 10% used [0x00000007dd100000,0x00000007dd11bc90,0x00000007dd200000)
  to   space 1024K, 0% used [0x00000007e1c80000,0x00000007e1c80000,0x00000007e1d80000)
 ParOldGen       total 40960K, used 552K [0x0000000780000000, 0x0000000782800000, 0x00000007d5500000)
  object space 40960K, 1% used [0x0000000780000000,0x000000078008a0f0,0x0000000782800000)
 PSPermGen       total 21504K, used 4470K [0x0000000775a00000, 0x0000000776f00000, 0x0000000780000000)
  object space 21504K, 20% used [0x0000000775a00000,0x0000000775e5d920,0x0000000776f00000)
}
Event: 4,655 GC heap before
{Heap before GC invocations=10 (full 0):
 PSYoungGen      total 128000K, used 127087K [0x00000007d5500000, 0x00000007e1d80000, 0x0000000800000000)
  eden space 126976K, 100% used [0x00000007d5500000,0x00000007dd100000,0x00000007dd100000)
  from space 1024K, 10% used [0x00000007dd100000,0x00000007dd11bc90,0x00000007dd200000)
  to   space 1024K, 0% used [0x00000007e1c80000,0x00000007e1c80000,0x00000007e1d80000)
 ParOldGen       total 40960K, used 552K [0x0000000780000000, 0x0000000782800000, 0x00000007d5500000)
  object space 40960K, 1% used [0x0000000780000000,0x000000078008a0f0,0x0000000782800000)
 PSPermGen       total 21504K, used 4476K [0x0000000775a00000, 0x0000000776f00000, 0x0000000780000000)
  object space 21504K, 20% used [0x0000000775a00000,0x0000000775e5f2d8,0x0000000776f00000)
Event: 4,657 GC heap after
Heap after GC invocations=10 (full 0):
 PSYoungGen      total 204288K, used 32K [0x00000007d5500000, 0x00000007e1d80000, 0x0000000800000000)
  eden space 203264K, 0% used [0x00000007d5500000,0x00000007d5500000,0x00000007e1b80000)
  from space 1024K, 3% used [0x00000007e1c80000,0x00000007e1c88000,0x00000007e1d80000)
  to   space 1024K, 0% used [0x00000007e1b80000,0x00000007e1b80000,0x00000007e1c80000)
 ParOldGen       total 40960K, used 560K [0x0000000780000000, 0x0000000782800000, 0x00000007d5500000)
  object space 40960K, 1% used [0x0000000780000000,0x000000078008c0f0,0x0000000782800000)
 PSPermGen       total 21504K, used 4476K [0x0000000775a00000, 0x0000000776f00000, 0x0000000780000000)
  object space 21504K, 20% used [0x0000000775a00000,0x0000000775e5f2d8,0x0000000776f00000)
}
Event: 9,942 GC heap before
{Heap before GC invocations=11 (full 0):
 PSYoungGen      total 204288K, used 203296K [0x00000007d5500000, 0x00000007e1d80000, 0x0000000800000000)
  eden space 203264K, 100% used [0x00000007d5500000,0x00000007e1b80000,0x00000007e1b80000)
  from space 1024K, 3% used [0x00000007e1c80000,0x00000007e1c88000,0x00000007e1d80000)
  to   space 1024K, 0% used [0x00000007e1b80000,0x00000007e1b80000,0x00000007e1c80000)
 ParOldGen       total 40960K, used 560K [0x0000000780000000, 0x0000000782800000, 0x00000007d5500000)
  object space 40960K, 1% used [0x0000000780000000,0x000000078008c0f0,0x0000000782800000)
 PSPermGen       total 21504K, used 4480K [0x0000000775a00000, 0x0000000776f00000, 0x0000000780000000)
  object space 21504K, 20% used [0x0000000775a00000,0x0000000775e603f0,0x0000000776f00000)

