# JRE version: OpenJDK Runtime Environment (7.0_95) (build 1.7.0_95-b00)
# Java VM: OpenJDK 64-Bit Server VM (24.95-b01 mixed mode linux-amd64 compressed oops)
Heap
 PSYoungGen      total 379904K, used 1978K [0x00000007d5500000, 0x00000007fac80000, 0x0000000800000000)
  eden space 146944K, 0% used [0x00000007d5500000,0x00000007d5500000,0x00000007de480000)
  from space 232960K, 0% used [0x00000007ec800000,0x00000007ec9ee880,0x00000007fab80000)
  to   space 232960K, 0% used [0x00000007de480000,0x00000007de480000,0x00000007ec800000)
 ParOldGen       total 954880K, used 954840K [0x0000000780000000, 0x00000007ba480000, 0x00000007d5500000)
  object space 954880K, 99% used [0x0000000780000000,0x00000007ba4761b0,0x00000007ba480000)
 PSPermGen       total 21504K, used 4050K [0x0000000775a00000, 0x0000000776f00000, 0x0000000780000000)
  object space 21504K, 18% used [0x0000000775a00000,0x0000000775df4ba0,0x0000000776f00000)
GC Heap History (10 events):
Event: 21,914 GC heap after
Heap after GC invocations=35 (full 6):
 PSYoungGen      total 340480K, used 176160K [0x00000007d5500000, 0x00000007f9880000, 0x0000000800000000)
  eden space 107520K, 0% used [0x00000007d5500000,0x00000007d5500000,0x00000007dbe00000)
  from space 232960K, 75% used [0x00000007dbe00000,0x00000007e6a08000,0x00000007ea180000)
  to   space 232960K, 0% used [0x00000007eb500000,0x00000007eb500000,0x00000007f9880000)
 ParOldGen       total 702976K, used 611260K [0x0000000780000000, 0x00000007aae80000, 0x00000007d5500000)
  object space 702976K, 86% used [0x0000000780000000,0x00000007a54ef228,0x00000007aae80000)
 PSPermGen       total 21504K, used 4049K [0x0000000775a00000, 0x0000000776f00000, 0x0000000780000000)
  object space 21504K, 18% used [0x0000000775a00000,0x0000000775df4560,0x0000000776f00000)
}
Event: 22,111 GC heap before
{Heap before GC invocations=36 (full 6):
 PSYoungGen      total 340480K, used 283680K [0x00000007d5500000, 0x00000007f9880000, 0x0000000800000000)
  eden space 107520K, 100% used [0x00000007d5500000,0x00000007dbe00000,0x00000007dbe00000)
  from space 232960K, 75% used [0x00000007dbe00000,0x00000007e6a08000,0x00000007ea180000)
  to   space 232960K, 0% used [0x00000007eb500000,0x00000007eb500000,0x00000007f9880000)
 ParOldGen       total 702976K, used 611260K [0x0000000780000000, 0x00000007aae80000, 0x00000007d5500000)
  object space 702976K, 86% used [0x0000000780000000,0x00000007a54ef228,0x00000007aae80000)
 PSPermGen       total 21504K, used 4050K [0x0000000775a00000, 0x0000000776f00000, 0x0000000780000000)
  object space 21504K, 18% used [0x0000000775a00000,0x0000000775df4a28,0x0000000776f00000)
Event: 22,564 GC heap after
Heap after GC invocations=36 (full 6):
 PSYoungGen      total 360448K, used 144992K [0x00000007d5500000, 0x00000007f9980000, 0x0000000800000000)
  eden space 127488K, 0% used [0x00000007d5500000,0x00000007d5500000,0x00000007dd180000)
  from space 232960K, 62% used [0x00000007eb500000,0x00000007f4298000,0x00000007f9880000)
  to   space 232960K, 0% used [0x00000007dd180000,0x00000007dd180000,0x00000007eb500000)
 ParOldGen       total 702976K, used 692476K [0x0000000780000000, 0x00000007aae80000, 0x00000007d5500000)
  object space 702976K, 98% used [0x0000000780000000,0x00000007aa43f228,0x00000007aae80000)
 PSPermGen       total 21504K, used 4050K [0x0000000775a00000, 0x0000000776f00000, 0x0000000780000000)
  object space 21504K, 18% used [0x0000000775a00000,0x0000000775df4a28,0x0000000776f00000)
}
Event: 22,564 GC heap before
{Heap before GC invocations=37 (full 7):
 PSYoungGen      total 360448K, used 144992K [0x00000007d5500000, 0x00000007f9980000, 0x0000000800000000)
  eden space 127488K, 0% used [0x00000007d5500000,0x00000007d5500000,0x00000007dd180000)
  from space 232960K, 62% used [0x00000007eb500000,0x00000007f4298000,0x00000007f9880000)
  to   space 232960K, 0% used [0x00000007dd180000,0x00000007dd180000,0x00000007eb500000)
 ParOldGen       total 702976K, used 692476K [0x0000000780000000, 0x00000007aae80000, 0x00000007d5500000)
  object space 702976K, 98% used [0x0000000780000000,0x00000007aa43f228,0x00000007aae80000)
 PSPermGen       total 21504K, used 4050K [0x0000000775a00000, 0x0000000776f00000, 0x0000000780000000)
  object space 21504K, 18% used [0x0000000775a00000,0x0000000775df4a28,0x0000000776f00000)
Event: 28,272 GC heap after
Heap after GC invocations=37 (full 7):
 PSYoungGen      total 360448K, used 133552K [0x00000007d5500000, 0x00000007f9980000, 0x0000000800000000)
  eden space 127488K, 0% used [0x00000007d5500000,0x00000007d5500000,0x00000007dd180000)
  from space 232960K, 57% used [0x00000007eb500000,0x00000007f376c0a0,0x00000007f9880000)
  to   space 232960K, 0% used [0x00000007dd180000,0x00000007dd180000,0x00000007eb500000)
 ParOldGen       total 954880K, used 702888K [0x0000000780000000, 0x00000007ba480000, 0x00000007d5500000)
  object space 954880K, 73% used [0x0000000780000000,0x00000007aae6a058,0x00000007ba480000)
 PSPermGen       total 21504K, used 4050K [0x0000000775a00000, 0x0000000776f00000, 0x0000000780000000)
  object space 21504K, 18% used [0x0000000775a00000,0x0000000775df49c8,0x0000000776f00000)
}
Event: 28,552 GC heap before
{Heap before GC invocations=38 (full 7):
 PSYoungGen      total 360448K, used 261040K [0x00000007d5500000, 0x00000007f9980000, 0x0000000800000000)
  eden space 127488K, 100% used [0x00000007d5500000,0x00000007dd180000,0x00000007dd180000)
  from space 232960K, 57% used [0x00000007eb500000,0x00000007f376c0a0,0x00000007f9880000)
  to   space 232960K, 0% used [0x00000007dd180000,0x00000007dd180000,0x00000007eb500000)
 ParOldGen       total 954880K, used 702888K [0x0000000780000000, 0x00000007ba480000, 0x00000007d5500000)
  object space 954880K, 73% used [0x0000000780000000,0x00000007aae6a058,0x00000007ba480000)
 PSPermGen       total 21504K, used 4050K [0x0000000775a00000, 0x0000000776f00000, 0x0000000780000000)
  object space 21504K, 18% used [0x0000000775a00000,0x0000000775df4ba0,0x0000000776f00000)
Event: 29,045 GC heap after
Heap after GC invocations=38 (full 7):
 PSYoungGen      total 360448K, used 96224K [0x00000007d5500000, 0x00000007fab80000, 0x0000000800000000)
  eden space 127488K, 0% used [0x00000007d5500000,0x00000007d5500000,0x00000007dd180000)
  from space 232960K, 41% used [0x00000007dd180000,0x00000007e2f78000,0x00000007eb500000)
  to   space 232960K, 0% used [0x00000007ec800000,0x00000007ec800000,0x00000007fab80000)
 ParOldGen       total 954880K, used 798336K [0x0000000780000000, 0x00000007ba480000, 0x00000007d5500000)
  object space 954880K, 83% used [0x0000000780000000,0x00000007b0ba0058,0x00000007ba480000)
 PSPermGen       total 21504K, used 4050K [0x0000000775a00000, 0x0000000776f00000, 0x0000000780000000)
  object space 21504K, 18% used [0x0000000775a00000,0x0000000775df4ba0,0x0000000776f00000)
}
Event: 29,234 GC heap before
{Heap before GC invocations=39 (full 7):
 PSYoungGen      total 360448K, used 223712K [0x00000007d5500000, 0x00000007fab80000, 0x0000000800000000)
  eden space 127488K, 100% used [0x00000007d5500000,0x00000007dd180000,0x00000007dd180000)
  from space 232960K, 41% used [0x00000007dd180000,0x00000007e2f78000,0x00000007eb500000)
  to   space 232960K, 0% used [0x00000007ec800000,0x00000007ec800000,0x00000007fab80000)
 ParOldGen       total 954880K, used 798336K [0x0000000780000000, 0x00000007ba480000, 0x00000007d5500000)
  object space 954880K, 83% used [0x0000000780000000,0x00000007b0ba0058,0x00000007ba480000)
 PSPermGen       total 21504K, used 4050K [0x0000000775a00000, 0x0000000776f00000, 0x0000000780000000)
  object space 21504K, 18% used [0x0000000775a00000,0x0000000775df4ba0,0x0000000776f00000)
Event: 29,517 GC heap after
Heap after GC invocations=39 (full 7):
 PSYoungGen      total 379904K, used 62976K [0x00000007d5500000, 0x00000007fac80000, 0x0000000800000000)
  eden space 146944K, 0% used [0x00000007d5500000,0x00000007d5500000,0x00000007de480000)
  from space 232960K, 27% used [0x00000007ec800000,0x00000007f0580000,0x00000007fab80000)
  to   space 232960K, 0% used [0x00000007de480000,0x00000007de480000,0x00000007ec800000)
 ParOldGen       total 954880K, used 894800K [0x0000000780000000, 0x00000007ba480000, 0x00000007d5500000)
  object space 954880K, 93% used [0x0000000780000000,0x00000007b69d4058,0x00000007ba480000)
 PSPermGen       total 21504K, used 4050K [0x0000000775a00000, 0x0000000776f00000, 0x0000000780000000)
  object space 21504K, 18% used [0x0000000775a00000,0x0000000775df4ba0,0x0000000776f00000)
}
Event: 29,517 GC heap before
{Heap before GC invocations=40 (full 8):
 PSYoungGen      total 379904K, used 62976K [0x00000007d5500000, 0x00000007fac80000, 0x0000000800000000)
  eden space 146944K, 0% used [0x00000007d5500000,0x00000007d5500000,0x00000007de480000)
  from space 232960K, 27% used [0x00000007ec800000,0x00000007f0580000,0x00000007fab80000)
  to   space 232960K, 0% used [0x00000007de480000,0x00000007de480000,0x00000007ec800000)
 ParOldGen       total 954880K, used 894800K [0x0000000780000000, 0x00000007ba480000, 0x00000007d5500000)
  object space 954880K, 93% used [0x0000000780000000,0x00000007b69d4058,0x00000007ba480000)
 PSPermGen       total 21504K, used 4050K [0x0000000775a00000, 0x0000000776f00000, 0x0000000780000000)
  object space 21504K, 18% used [0x0000000775a00000,0x0000000775df4ba0,0x0000000776f00000)

