# JRE version: OpenJDK Runtime Environment (7.0_95) (build 1.7.0_95-b00)
# Java VM: OpenJDK 64-Bit Server VM (24.95-b01 mixed mode linux-amd64 compressed oops)
Heap
 PSYoungGen      total 353280K, used 68720K [0x00000007d5500000, 0x00000007fa200000, 0x0000000800000000)
  eden space 120320K, 0% used [0x00000007d5500000,0x00000007d5500000,0x00000007dca80000)
  from space 232960K, 29% used [0x00000007dca80000,0x00000007e0d9c1c8,0x00000007eae00000)
  to   space 232960K, 0% used [0x00000007ebe80000,0x00000007ebe80000,0x00000007fa200000)
 ParOldGen       total 910336K, used 910205K [0x0000000780000000, 0x00000007b7900000, 0x00000007d5500000)
  object space 910336K, 99% used [0x0000000780000000,0x00000007b78df4b8,0x00000007b7900000)
 PSPermGen       total 21504K, used 4044K [0x0000000775a00000, 0x0000000776f00000, 0x0000000780000000)
  object space 21504K, 18% used [0x0000000775a00000,0x0000000775df3310,0x0000000776f00000)
GC Heap History (10 events):
Event: 20,168 GC heap after
Heap after GC invocations=38 (full 6):
 PSYoungGen      total 339968K, used 194354K [0x00000007d5500000, 0x00000007f8500000, 0x0000000800000000)
  eden space 107008K, 0% used [0x00000007d5500000,0x00000007d5500000,0x00000007dbd80000)
  from space 232960K, 83% used [0x00000007ea100000,0x00000007f5ecc808,0x00000007f8480000)
  to   space 232960K, 0% used [0x00000007dbd80000,0x00000007dbd80000,0x00000007ea100000)
 ParOldGen       total 682496K, used 632100K [0x0000000780000000, 0x00000007a9a80000, 0x00000007d5500000)
  object space 682496K, 92% used [0x0000000780000000,0x00000007a69490b0,0x00000007a9a80000)
 PSPermGen       total 21504K, used 4043K [0x0000000775a00000, 0x0000000776f00000, 0x0000000780000000)
  object space 21504K, 18% used [0x0000000775a00000,0x0000000775df2fb0,0x0000000776f00000)
}
Event: 20,168 GC heap before
{Heap before GC invocations=39 (full 7):
 PSYoungGen      total 339968K, used 194354K [0x00000007d5500000, 0x00000007f8500000, 0x0000000800000000)
  eden space 107008K, 0% used [0x00000007d5500000,0x00000007d5500000,0x00000007dbd80000)
  from space 232960K, 83% used [0x00000007ea100000,0x00000007f5ecc808,0x00000007f8480000)
  to   space 232960K, 0% used [0x00000007dbd80000,0x00000007dbd80000,0x00000007ea100000)
 ParOldGen       total 682496K, used 632100K [0x0000000780000000, 0x00000007a9a80000, 0x00000007d5500000)
  object space 682496K, 92% used [0x0000000780000000,0x00000007a69490b0,0x00000007a9a80000)
 PSPermGen       total 21504K, used 4043K [0x0000000775a00000, 0x0000000776f00000, 0x0000000780000000)
  object space 21504K, 18% used [0x0000000775a00000,0x0000000775df2fb0,0x0000000776f00000)
Event: 25,010 GC heap after
Heap after GC invocations=39 (full 7):
 PSYoungGen      total 339968K, used 138366K [0x00000007d5500000, 0x00000007f8500000, 0x0000000800000000)
  eden space 107008K, 0% used [0x00000007d5500000,0x00000007d5500000,0x00000007dbd80000)
  from space 232960K, 59% used [0x00000007ea100000,0x00000007f281f998,0x00000007f8480000)
  to   space 232960K, 0% used [0x00000007dbd80000,0x00000007dbd80000,0x00000007ea100000)
 ParOldGen       total 910336K, used 682447K [0x0000000780000000, 0x00000007b7900000, 0x00000007d5500000)
  object space 910336K, 74% used [0x0000000780000000,0x00000007a9a73fd0,0x00000007b7900000)
 PSPermGen       total 21504K, used 4043K [0x0000000775a00000, 0x0000000776f00000, 0x0000000780000000)
  object space 21504K, 18% used [0x0000000775a00000,0x0000000775df2f50,0x0000000776f00000)
}
Event: 25,232 GC heap before
{Heap before GC invocations=40 (full 7):
 PSYoungGen      total 339968K, used 245374K [0x00000007d5500000, 0x00000007f8500000, 0x0000000800000000)
  eden space 107008K, 100% used [0x00000007d5500000,0x00000007dbd80000,0x00000007dbd80000)
  from space 232960K, 59% used [0x00000007ea100000,0x00000007f281f998,0x00000007f8480000)
  to   space 232960K, 0% used [0x00000007dbd80000,0x00000007dbd80000,0x00000007ea100000)
 ParOldGen       total 910336K, used 682447K [0x0000000780000000, 0x00000007b7900000, 0x00000007d5500000)
  object space 910336K, 74% used [0x0000000780000000,0x00000007a9a73fd0,0x00000007b7900000)
 PSPermGen       total 21504K, used 4044K [0x0000000775a00000, 0x0000000776f00000, 0x0000000780000000)
  object space 21504K, 18% used [0x0000000775a00000,0x0000000775df3310,0x0000000776f00000)
Event: 25,705 GC heap after
Heap after GC invocations=40 (full 7):
 PSYoungGen      total 339968K, used 120448K [0x00000007d5500000, 0x00000007f9180000, 0x0000000800000000)
  eden space 107008K, 0% used [0x00000007d5500000,0x00000007d5500000,0x00000007dbd80000)
  from space 232960K, 51% used [0x00000007dbd80000,0x00000007e3320000,0x00000007ea100000)
  to   space 232960K, 0% used [0x00000007eae00000,0x00000007eae00000,0x00000007f9180000)
 ParOldGen       total 910336K, used 749263K [0x0000000780000000, 0x00000007b7900000, 0x00000007d5500000)
  object space 910336K, 82% used [0x0000000780000000,0x00000007adbb3fd0,0x00000007b7900000)
 PSPermGen       total 21504K, used 4044K [0x0000000775a00000, 0x0000000776f00000, 0x0000000780000000)
  object space 21504K, 18% used [0x0000000775a00000,0x0000000775df3310,0x0000000776f00000)
}
Event: 25,869 GC heap before
{Heap before GC invocations=41 (full 7):
 PSYoungGen      total 339968K, used 227456K [0x00000007d5500000, 0x00000007f9180000, 0x0000000800000000)
  eden space 107008K, 100% used [0x00000007d5500000,0x00000007dbd80000,0x00000007dbd80000)
  from space 232960K, 51% used [0x00000007dbd80000,0x00000007e3320000,0x00000007ea100000)
  to   space 232960K, 0% used [0x00000007eae00000,0x00000007eae00000,0x00000007f9180000)
 ParOldGen       total 910336K, used 749263K [0x0000000780000000, 0x00000007b7900000, 0x00000007d5500000)
  object space 910336K, 82% used [0x0000000780000000,0x00000007adbb3fd0,0x00000007b7900000)
 PSPermGen       total 21504K, used 4044K [0x0000000775a00000, 0x0000000776f00000, 0x0000000780000000)
  object space 21504K, 18% used [0x0000000775a00000,0x0000000775df3310,0x0000000776f00000)
Event: 26,198 GC heap after
Heap after GC invocations=41 (full 7):
 PSYoungGen      total 353280K, used 106400K [0x00000007d5500000, 0x00000007f9300000, 0x0000000800000000)
  eden space 120320K, 0% used [0x00000007d5500000,0x00000007d5500000,0x00000007dca80000)
  from space 232960K, 45% used [0x00000007eae00000,0x00000007f15e8000,0x00000007f9180000)
  to   space 232960K, 0% used [0x00000007dca80000,0x00000007dca80000,0x00000007eae00000)
 ParOldGen       total 910336K, used 815031K [0x0000000780000000, 0x00000007b7900000, 0x00000007d5500000)
  object space 910336K, 89% used [0x0000000780000000,0x00000007b1bedfd0,0x00000007b7900000)
 PSPermGen       total 21504K, used 4044K [0x0000000775a00000, 0x0000000776f00000, 0x0000000780000000)
  object space 21504K, 18% used [0x0000000775a00000,0x0000000775df3310,0x0000000776f00000)
}
Event: 26,376 GC heap before
{Heap before GC invocations=42 (full 7):
 PSYoungGen      total 353280K, used 226720K [0x00000007d5500000, 0x00000007f9300000, 0x0000000800000000)
  eden space 120320K, 100% used [0x00000007d5500000,0x00000007dca80000,0x00000007dca80000)
  from space 232960K, 45% used [0x00000007eae00000,0x00000007f15e8000,0x00000007f9180000)
  to   space 232960K, 0% used [0x00000007dca80000,0x00000007dca80000,0x00000007eae00000)
 ParOldGen       total 910336K, used 815031K [0x0000000780000000, 0x00000007b7900000, 0x00000007d5500000)
  object space 910336K, 89% used [0x0000000780000000,0x00000007b1bedfd0,0x00000007b7900000)
 PSPermGen       total 21504K, used 4044K [0x0000000775a00000, 0x0000000776f00000, 0x0000000780000000)
  object space 21504K, 18% used [0x0000000775a00000,0x0000000775df3310,0x0000000776f00000)
Event: 26,679 GC heap after
Heap after GC invocations=42 (full 7):
 PSYoungGen      total 353280K, used 109792K [0x00000007d5500000, 0x00000007fa200000, 0x0000000800000000)
  eden space 120320K, 0% used [0x00000007d5500000,0x00000007d5500000,0x00000007dca80000)
  from space 232960K, 47% used [0x00000007dca80000,0x00000007e35b8000,0x00000007eae00000)
  to   space 232960K, 0% used [0x00000007ebe80000,0x00000007ebe80000,0x00000007fa200000)
 ParOldGen       total 910336K, used 870071K [0x0000000780000000, 0x00000007b7900000, 0x00000007d5500000)
  object space 910336K, 95% used [0x0000000780000000,0x00000007b51adfd0,0x00000007b7900000)
 PSPermGen       total 21504K, used 4044K [0x0000000775a00000, 0x0000000776f00000, 0x0000000780000000)
  object space 21504K, 18% used [0x0000000775a00000,0x0000000775df3310,0x0000000776f00000)
}
Event: 26,679 GC heap before
{Heap before GC invocations=43 (full 8):
 PSYoungGen      total 353280K, used 109792K [0x00000007d5500000, 0x00000007fa200000, 0x0000000800000000)
  eden space 120320K, 0% used [0x00000007d5500000,0x00000007d5500000,0x00000007dca80000)
  from space 232960K, 47% used [0x00000007dca80000,0x00000007e35b8000,0x00000007eae00000)
  to   space 232960K, 0% used [0x00000007ebe80000,0x00000007ebe80000,0x00000007fa200000)
 ParOldGen       total 910336K, used 870071K [0x0000000780000000, 0x00000007b7900000, 0x00000007d5500000)
  object space 910336K, 95% used [0x0000000780000000,0x00000007b51adfd0,0x00000007b7900000)
 PSPermGen       total 21504K, used 4044K [0x0000000775a00000, 0x0000000776f00000, 0x0000000780000000)
  object space 21504K, 18% used [0x0000000775a00000,0x0000000775df3310,0x0000000776f00000)

