# JRE version: OpenJDK Runtime Environment (7.0_95) (build 1.7.0_95-b00)
# Java VM: OpenJDK 64-Bit Server VM (24.95-b01 mixed mode linux-amd64 compressed oops)
Heap
 PSYoungGen      total 382464K, used 154025K [0x00000007cbe80000, 0x00000007f4a00000, 0x0000000800000000)
  eden space 98304K, 0% used [0x00000007cbe80000,0x00000007cbe80000,0x00000007d1e80000)
  from space 284160K, 54% used [0x00000007e3400000,0x00000007eca6a4e0,0x00000007f4980000)
  to   space 284160K, 0% used [0x00000007d1e80000,0x00000007d1e80000,0x00000007e3400000)
 ParOldGen       total 697344K, used 697193K [0x0000000763c00000, 0x000000078e500000, 0x00000007cbe80000)
  object space 697344K, 99% used [0x0000000763c00000,0x000000078e4da7a0,0x000000078e500000)
 PSPermGen       total 21504K, used 4049K [0x0000000759600000, 0x000000075ab00000, 0x0000000763c00000)
  object space 21504K, 18% used [0x0000000759600000,0x00000007599f46f8,0x000000075ab00000)
GC Heap History (10 events):
Event: 21,803 GC heap after
Heap after GC invocations=34 (full 6):
 PSYoungGen      total 302592K, used 206208K [0x00000007cbe80000, 0x00000007f0500000, 0x0000000800000000)
  eden space 73216K, 0% used [0x00000007cbe80000,0x00000007cbe80000,0x00000007d0600000)
  from space 229376K, 89% used [0x00000007dfa80000,0x00000007ec3e0000,0x00000007eda80000)
  to   space 250368K, 0% used [0x00000007d0600000,0x00000007d0600000,0x00000007dfa80000)
 ParOldGen       total 697344K, used 503095K [0x0000000763c00000, 0x000000078e500000, 0x00000007cbe80000)
  object space 697344K, 72% used [0x0000000763c00000,0x000000078274df28,0x000000078e500000)
 PSPermGen       total 21504K, used 4048K [0x0000000759600000, 0x000000075ab00000, 0x0000000763c00000)
  object space 21504K, 18% used [0x0000000759600000,0x00000007599f4290,0x000000075ab00000)
}
Event: 21,925 GC heap before
{Heap before GC invocations=35 (full 6):
 PSYoungGen      total 302592K, used 279424K [0x00000007cbe80000, 0x00000007f0500000, 0x0000000800000000)
  eden space 73216K, 100% used [0x00000007cbe80000,0x00000007d0600000,0x00000007d0600000)
  from space 229376K, 89% used [0x00000007dfa80000,0x00000007ec3e0000,0x00000007eda80000)
  to   space 250368K, 0% used [0x00000007d0600000,0x00000007d0600000,0x00000007dfa80000)
 ParOldGen       total 697344K, used 503095K [0x0000000763c00000, 0x000000078e500000, 0x00000007cbe80000)
  object space 697344K, 72% used [0x0000000763c00000,0x000000078274df28,0x000000078e500000)
 PSPermGen       total 21504K, used 4048K [0x0000000759600000, 0x000000075ab00000, 0x0000000763c00000)
  object space 21504K, 18% used [0x0000000759600000,0x00000007599f4290,0x000000075ab00000)
Event: 22,355 GC heap after
Heap after GC invocations=35 (full 6):
 PSYoungGen      total 323584K, used 233024K [0x00000007cbe80000, 0x00000007f3100000, 0x0000000800000000)
  eden space 73216K, 0% used [0x00000007cbe80000,0x00000007cbe80000,0x00000007d0600000)
  from space 250368K, 93% used [0x00000007d0600000,0x00000007de990000,0x00000007dfa80000)
  to   space 276992K, 0% used [0x00000007e2280000,0x00000007e2280000,0x00000007f3100000)
 ParOldGen       total 697344K, used 510423K [0x0000000763c00000, 0x000000078e500000, 0x00000007cbe80000)
  object space 697344K, 73% used [0x0000000763c00000,0x0000000782e75f28,0x000000078e500000)
 PSPermGen       total 21504K, used 4048K [0x0000000759600000, 0x000000075ab00000, 0x0000000763c00000)
  object space 21504K, 18% used [0x0000000759600000,0x00000007599f4290,0x000000075ab00000)
}
Event: 22,469 GC heap before
{Heap before GC invocations=36 (full 6):
 PSYoungGen      total 323584K, used 306240K [0x00000007cbe80000, 0x00000007f3100000, 0x0000000800000000)
  eden space 73216K, 100% used [0x00000007cbe80000,0x00000007d0600000,0x00000007d0600000)
  from space 250368K, 93% used [0x00000007d0600000,0x00000007de990000,0x00000007dfa80000)
  to   space 276992K, 0% used [0x00000007e2280000,0x00000007e2280000,0x00000007f3100000)
 ParOldGen       total 697344K, used 510423K [0x0000000763c00000, 0x000000078e500000, 0x00000007cbe80000)
  object space 697344K, 73% used [0x0000000763c00000,0x0000000782e75f28,0x000000078e500000)
 PSPermGen       total 21504K, used 4048K [0x0000000759600000, 0x000000075ab00000, 0x0000000763c00000)
  object space 21504K, 18% used [0x0000000759600000,0x00000007599f4290,0x000000075ab00000)
Event: 23,038 GC heap after
Heap after GC invocations=36 (full 6):
 PSYoungGen      total 357376K, used 246848K [0x00000007cbe80000, 0x00000007f4000000, 0x0000000800000000)
  eden space 80384K, 0% used [0x00000007cbe80000,0x00000007cbe80000,0x00000007d0d00000)
  from space 276992K, 89% used [0x00000007e2280000,0x00000007f1390000,0x00000007f3100000)
  to   space 284160K, 0% used [0x00000007d0d00000,0x00000007d0d00000,0x00000007e2280000)
 ParOldGen       total 697344K, used 531815K [0x0000000763c00000, 0x000000078e500000, 0x00000007cbe80000)
  object space 697344K, 76% used [0x0000000763c00000,0x0000000784359f28,0x000000078e500000)
 PSPermGen       total 21504K, used 4048K [0x0000000759600000, 0x000000075ab00000, 0x0000000763c00000)
  object space 21504K, 18% used [0x0000000759600000,0x00000007599f4290,0x000000075ab00000)
}
Event: 23,173 GC heap before
{Heap before GC invocations=37 (full 6):
 PSYoungGen      total 357376K, used 327232K [0x00000007cbe80000, 0x00000007f4000000, 0x0000000800000000)
  eden space 80384K, 100% used [0x00000007cbe80000,0x00000007d0d00000,0x00000007d0d00000)
  from space 276992K, 89% used [0x00000007e2280000,0x00000007f1390000,0x00000007f3100000)
  to   space 284160K, 0% used [0x00000007d0d00000,0x00000007d0d00000,0x00000007e2280000)
 ParOldGen       total 697344K, used 531815K [0x0000000763c00000, 0x000000078e500000, 0x00000007cbe80000)
  object space 697344K, 76% used [0x0000000763c00000,0x0000000784359f28,0x000000078e500000)
 PSPermGen       total 21504K, used 4048K [0x0000000759600000, 0x000000075ab00000, 0x0000000763c00000)
  object space 21504K, 18% used [0x0000000759600000,0x00000007599f4290,0x000000075ab00000)
Event: 23,719 GC heap after
Heap after GC invocations=37 (full 6):
 PSYoungGen      total 364544K, used 249536K [0x00000007cbe80000, 0x00000007f4980000, 0x0000000800000000)
  eden space 80384K, 0% used [0x00000007cbe80000,0x00000007cbe80000,0x00000007d0d00000)
  from space 284160K, 87% used [0x00000007d0d00000,0x00000007e00b0000,0x00000007e2280000)
  to   space 284160K, 0% used [0x00000007e3400000,0x00000007e3400000,0x00000007f4980000)
 ParOldGen       total 697344K, used 566399K [0x0000000763c00000, 0x000000078e500000, 0x00000007cbe80000)
  object space 697344K, 81% used [0x0000000763c00000,0x000000078651ff28,0x000000078e500000)
 PSPermGen       total 21504K, used 4048K [0x0000000759600000, 0x000000075ab00000, 0x0000000763c00000)
  object space 21504K, 18% used [0x0000000759600000,0x00000007599f4290,0x000000075ab00000)
}
Event: 23,863 GC heap before
{Heap before GC invocations=38 (full 6):
 PSYoungGen      total 364544K, used 329920K [0x00000007cbe80000, 0x00000007f4980000, 0x0000000800000000)
  eden space 80384K, 100% used [0x00000007cbe80000,0x00000007d0d00000,0x00000007d0d00000)
  from space 284160K, 87% used [0x00000007d0d00000,0x00000007e00b0000,0x00000007e2280000)
  to   space 284160K, 0% used [0x00000007e3400000,0x00000007e3400000,0x00000007f4980000)
 ParOldGen       total 697344K, used 566399K [0x0000000763c00000, 0x000000078e500000, 0x00000007cbe80000)
  object space 697344K, 81% used [0x0000000763c00000,0x000000078651ff28,0x000000078e500000)
 PSPermGen       total 21504K, used 4049K [0x0000000759600000, 0x000000075ab00000, 0x0000000763c00000)
  object space 21504K, 18% used [0x0000000759600000,0x00000007599f4758,0x000000075ab00000)
Event: 24,424 GC heap after
Heap after GC invocations=38 (full 6):
 PSYoungGen      total 382464K, used 219264K [0x00000007cbe80000, 0x00000007f4a00000, 0x0000000800000000)
  eden space 98304K, 0% used [0x00000007cbe80000,0x00000007cbe80000,0x00000007d1e80000)
  from space 284160K, 77% used [0x00000007e3400000,0x00000007f0a20000,0x00000007f4980000)
  to   space 284160K, 0% used [0x00000007d1e80000,0x00000007d1e80000,0x00000007e3400000)
 ParOldGen       total 697344K, used 632799K [0x0000000763c00000, 0x000000078e500000, 0x00000007cbe80000)
  object space 697344K, 90% used [0x0000000763c00000,0x000000078a5f7f28,0x000000078e500000)
 PSPermGen       total 21504K, used 4049K [0x0000000759600000, 0x000000075ab00000, 0x0000000763c00000)
  object space 21504K, 18% used [0x0000000759600000,0x00000007599f4758,0x000000075ab00000)
}
Event: 24,424 GC heap before
{Heap before GC invocations=39 (full 7):
 PSYoungGen      total 382464K, used 219264K [0x00000007cbe80000, 0x00000007f4a00000, 0x0000000800000000)
  eden space 98304K, 0% used [0x00000007cbe80000,0x00000007cbe80000,0x00000007d1e80000)
  from space 284160K, 77% used [0x00000007e3400000,0x00000007f0a20000,0x00000007f4980000)
  to   space 284160K, 0% used [0x00000007d1e80000,0x00000007d1e80000,0x00000007e3400000)
 ParOldGen       total 697344K, used 632799K [0x0000000763c00000, 0x000000078e500000, 0x00000007cbe80000)
  object space 697344K, 90% used [0x0000000763c00000,0x000000078a5f7f28,0x000000078e500000)
 PSPermGen       total 21504K, used 4049K [0x0000000759600000, 0x000000075ab00000, 0x0000000763c00000)
  object space 21504K, 18% used [0x0000000759600000,0x00000007599f4758,0x000000075ab00000)

